[2018-09-23T16:11:30.614] [ERROR] cheese - { Error: ENOENT: no such file or directory, open 'D:\daguo\myStructure\dist\views\index.html'
  errno: -4058,
  code: 'ENOENT',
  syscall: 'open',
  path: 'D:\\daguo\\myStructure\\dist\\views\\index.html' }
[2018-09-23T16:11:31.850] [ERROR] cheese - { Error: ENOENT: no such file or directory, open 'D:\daguo\myStructure\dist\views\index.html'
  errno: -4058,
  code: 'ENOENT',
  syscall: 'open',
  path: 'D:\\daguo\\myStructure\\dist\\views\\index.html' }
[2018-09-23T16:11:36.466] [ERROR] cheese - { Error: ENOENT: no such file or directory, open 'D:\daguo\myStructure\dist\views\index.html'
  errno: -4058,
  code: 'ENOENT',
  syscall: 'open',
  path: 'D:\\daguo\\myStructure\\dist\\views\\index.html' }
[2018-09-23T16:11:37.681] [ERROR] cheese - { Error: ENOENT: no such file or directory, open 'D:\daguo\myStructure\dist\views\index.html'
  errno: -4058,
  code: 'ENOENT',
  syscall: 'open',
  path: 'D:\\daguo\\myStructure\\dist\\views\\index.html' }
[2018-09-23T16:11:42.713] [ERROR] cheese - { Error: ENOENT: no such file or directory, open 'D:\daguo\myStructure\dist\views\index.html'
  errno: -4058,
  code: 'ENOENT',
  syscall: 'open',
  path: 'D:\\daguo\\myStructure\\dist\\views\\index.html' }
[2018-09-23T16:11:43.906] [ERROR] cheese - { Error: ENOENT: no such file or directory, open 'D:\daguo\myStructure\dist\views\index.html'
  errno: -4058,
  code: 'ENOENT',
  syscall: 'open',
  path: 'D:\\daguo\\myStructure\\dist\\views\\index.html' }
[2018-09-23T17:31:37.727] [ERROR] cheese - { Error: ENOENT: no such file or directory, open 'D:\daguo\myStructure\dist\views\index\pages\test.html'
  errno: -4058,
  code: 'ENOENT',
  syscall: 'open',
  path: 'D:\\daguo\\myStructure\\dist\\views\\index\\pages\\test.html' }
[2018-09-23T17:31:38.931] [ERROR] cheese - { Error: ENOENT: no such file or directory, open 'D:\daguo\myStructure\dist\views\index\pages\test.html'
  errno: -4058,
  code: 'ENOENT',
  syscall: 'open',
  path: 'D:\\daguo\\myStructure\\dist\\views\\index\\pages\\test.html' }
